<?xml version="1.0" encoding="utf-8" standalone="no"?>
<!--This file represents the results of running a test suite-->
<test-results name="D:\CMP Automation 6-10-2015\AutomatedTests\bin\Debug\AutomatedTests.nunit" total="1" errors="0" failures="1" not-run="0" inconclusive="0" ignored="0" skipped="0" invalid="0" date="2015-10-08" time="16:05:04">
  <environment nunit-version="2.6.4.14350" clr-version="2.0.50727.5485" os-version="Microsoft Windows NT 6.1.7601 Service Pack 1" platform="Win32NT" cwd="D:\Code Library\Plain framework\AutomatedTests\bin" machine-name="SANNAIAH6440" user="sharath.annaiah" user-domain="CORP" />
  <culture-info current-culture="en-US" current-uiculture="en-US" />
  <test-suite type="Project" name="D:\CMP Automation 6-10-2015\AutomatedTests\bin\Debug\AutomatedTests.nunit" executed="True" result="Failure" success="False" time="33.919" asserts="0">
    <results>
      <test-suite type="SetUpFixture" name="D:\CMP Automation 6-10-2015\AutomatedTests\bin\Debug\AutomatedTests.dll" executed="True" result="Failure" success="False" time="33.853" asserts="0">
        <results>
          <test-suite type="Namespace" name="AutomatedTests" executed="True" result="Failure" success="False" time="33.845" asserts="0">
            <results>
              <test-suite type="Namespace" name="Tangoe" executed="True" result="Failure" success="False" time="33.813" asserts="0">
                <results>
                  <test-suite type="Namespace" name="Cmp" executed="True" result="Failure" success="False" time="33.793" asserts="0">
                    <results>
                      <test-suite type="Namespace" name="Automation" executed="True" result="Failure" success="False" time="33.792" asserts="0">
                        <results>
                          <test-suite type="Namespace" name="Unit" executed="True" result="Failure" success="False" time="33.791" asserts="0">
                            <results>
                              <test-suite type="Namespace" name="Concrete" executed="True" result="Failure" success="False" time="33.789" asserts="0">
                                <results>
                                  <test-suite type="Namespace" name="SmokeTest" executed="True" result="Failure" success="False" time="33.789" asserts="0">
                                    <results>
                                      <test-suite type="Namespace" name="Admin" executed="True" result="Failure" success="False" time="33.787" asserts="0">
                                        <results>
                                          <test-suite type="Namespace" name="Bill_Management" executed="True" result="Failure" success="False" time="33.786" asserts="0">
                                            <results>
                                              <test-suite type="TestFixture" name="FiscalPeriodUT" executed="True" result="Failure" success="False" time="33.764" asserts="0">
                                                <results>
                                                  <test-case name="AutomatedTests.Tangoe.Cmp.Automation.Unit.Concrete.SmokeTest.Admin.Bill_Management.FiscalPeriodUT.FiscalCalendarSmokeFunctionality" executed="True" result="Failure" success="False" time="33.663" asserts="0">
                                                    <failure>
                                                      <message><![CDATA[OpenQA.Selenium.NoSuchFrameException
No frame found   at OpenQA.Selenium.Remote.RemoteWebDriver.UnpackAndThrowOnError(Response errorResponse)
   at OpenQA.Selenium.Remote.RemoteWebDriver.Execute(String driverCommandToExecute, Dictionary`2 parameters)
   at OpenQA.Selenium.Remote.RemoteTargetLocator.Frame(String frameName)
   at AutomatedTests.Tangoe.Cmp.Automation.UI.Abstract.BaseActions.SwitchToPopUps() in d:\CMP Automation 6-10-2015\AutomatedTests\Tangoe\Cmp\Automation\UI\Abstract\BaseActions.cs:line 523
   at AutomatedTests.Tangoe.Cmp.Automation.UI.Actions.SmokeTest.Admin.Bill_Management.FiscalCalendar.AddNewYear() in d:\CMP Automation 6-10-2015\AutomatedTests\Tangoe\Cmp\Automation\UI\Actions\SmokeTest\Admin\Bill Management\FiscalCalendar.cs:line 74
   at AutomatedTests.Tangoe.Cmp.Automation.UI.Actions.SmokeTest.Admin.Bill_Management.FiscalCalendar.FiscalCalendarFunctionality() in d:\CMP Automation 6-10-2015\AutomatedTests\Tangoe\Cmp\Automation\UI\Actions\SmokeTest\Admin\Bill Management\FiscalCalendar.cs:line 30
   at AutomatedTests.Tangoe.Cmp.Automation.Unit.Concrete.SmokeTest.Admin.Bill_Management.FiscalPeriodUT.<FiscalCalendarSmokeFunctionality>b__0() in d:\CMP Automation 6-10-2015\AutomatedTests\Tangoe\Cmp\Automation\Unit\Concrete\SmokeTest\Admin\Bill Management\FiscalPeriodUT.cs:line 30
   at AutomatedTests.Tangoe.Cmp.Automation.Unit.Abstract.BaseUnitTest.ExecuteTest(Action action) in d:\CMP Automation 6-10-2015\AutomatedTests\Tangoe\Cmp\Automation\Unit\Abstract\BaseUnitTest.cs:line 177]]></message>
                                                      <stack-trace><![CDATA[at AutomatedTests.Tangoe.Cmp.Automation.Unit.Abstract.BaseUnitTest.ExecuteTest(Action action) in d:\CMP Automation 6-10-2015\AutomatedTests\Tangoe\Cmp\Automation\Unit\Abstract\BaseUnitTest.cs:line 181
at AutomatedTests.Tangoe.Cmp.Automation.Unit.Concrete.SmokeTest.Admin.Bill_Management.FiscalPeriodUT.FiscalCalendarSmokeFunctionality() in d:\CMP Automation 6-10-2015\AutomatedTests\Tangoe\Cmp\Automation\Unit\Concrete\SmokeTest\Admin\Bill Management\FiscalPeriodUT.cs:line 28
]]></stack-trace>
                                                    </failure>
                                                  </test-case>
                                                </results>
                                              </test-suite>
                                            </results>
                                          </test-suite>
                                        </results>
                                      </test-suite>
                                    </results>
                                  </test-suite>
                                </results>
                              </test-suite>
                            </results>
                          </test-suite>
                        </results>
                      </test-suite>
                    </results>
                  </test-suite>
                </results>
              </test-suite>
            </results>
          </test-suite>
        </results>
      </test-suite>
    </results>
  </test-suite>
</test-results>