<?xml version="1.0" encoding="utf-8" standalone="no"?>
<!--This file represents the results of running a test suite-->
<test-results name="D:\CMP Automation 6-10-2015\AutomatedTests\bin\Debug\AutomatedTests.nunit" total="1" errors="0" failures="0" not-run="0" inconclusive="0" ignored="0" skipped="0" invalid="0" date="2015-10-16" time="15:49:33">
  <environment nunit-version="2.6.4.14350" clr-version="2.0.50727.5485" os-version="Microsoft Windows NT 6.1.7601 Service Pack 1" platform="Win32NT" cwd="D:\Code Library\Plain framework\AutomatedTests\bin" machine-name="SANNAIAH6440" user="Sharath.Annaiah" user-domain="CORP" />
  <culture-info current-culture="en-US" current-uiculture="en-US" />
  <test-suite type="Project" name="D:\CMP Automation 6-10-2015\AutomatedTests\bin\Debug\AutomatedTests.nunit" executed="True" result="Success" success="True" time="60.625" asserts="0">
    <results>
      <test-suite type="SetUpFixture" name="D:\CMP Automation 6-10-2015\AutomatedTests\bin\Debug\AutomatedTests.dll" executed="True" result="Success" success="True" time="60.609" asserts="0">
        <results>
          <test-suite type="Namespace" name="AutomatedTests" executed="True" result="Success" success="True" time="60.607" asserts="0">
            <results>
              <test-suite type="Namespace" name="Tangoe" executed="True" result="Success" success="True" time="60.606" asserts="0">
                <results>
                  <test-suite type="Namespace" name="Cmp" executed="True" result="Success" success="True" time="60.605" asserts="0">
                    <results>
                      <test-suite type="Namespace" name="Automation" executed="True" result="Success" success="True" time="60.604" asserts="0">
                        <results>
                          <test-suite type="Namespace" name="Unit" executed="True" result="Success" success="True" time="60.604" asserts="0">
                            <results>
                              <test-suite type="Namespace" name="Concrete" executed="True" result="Success" success="True" time="60.603" asserts="0">
                                <results>
                                  <test-suite type="Namespace" name="SmokeTest" executed="True" result="Success" success="True" time="60.602" asserts="0">
                                    <results>
                                      <test-suite type="Namespace" name="Inventory" executed="True" result="Success" success="True" time="60.601" asserts="0">
                                        <results>
                                          <test-suite type="TestFixture" name="InventoryDiscoveryUT" executed="True" result="Success" success="True" time="60.600" asserts="0">
                                            <results>
                                              <test-case name="AutomatedTests.Tangoe.Cmp.Automation.Unit.Concrete.SmokeTest.Inventory.InventoryDiscoveryUT.InventoryDiscoveryFunctionality" executed="True" result="Success" success="True" time="60.587" asserts="1" />
                                            </results>
                                          </test-suite>
                                        </results>
                                      </test-suite>
                                    </results>
                                  </test-suite>
                                </results>
                              </test-suite>
                            </results>
                          </test-suite>
                        </results>
                      </test-suite>
                    </results>
                  </test-suite>
                </results>
              </test-suite>
            </results>
          </test-suite>
        </results>
      </test-suite>
    </results>
  </test-suite>
</test-results>