<?xml version="1.0" encoding="utf-8" standalone="no"?>
<!--This file represents the results of running a test suite-->
<test-results name="D:\Code Library\AutomatedTests\bin\Debug\AutomatedTests.nunit" total="1" errors="0" failures="1" not-run="0" inconclusive="0" ignored="0" skipped="0" invalid="0" date="2015-09-22" time="16:02:55">
  <environment nunit-version="2.6.4.14350" clr-version="2.0.50727.5485" os-version="Microsoft Windows NT 6.1.7601 Service Pack 1" platform="Win32NT" cwd="D:\Code Library\AutomatedTests\bin" machine-name="SANNAIAH6440" user="sharath.annaiah" user-domain="CORP" />
  <culture-info current-culture="en-US" current-uiculture="en-US" />
  <test-suite type="Project" name="D:\Code Library\AutomatedTests\bin\Debug\AutomatedTests.nunit" executed="True" result="Failure" success="False" time="64.662" asserts="0">
    <results>
      <test-suite type="SetUpFixture" name="D:\Code Library\AutomatedTests\bin\Debug\AutomatedTests.dll" executed="True" result="Failure" success="False" time="64.634" asserts="0">
        <results>
          <test-suite type="Namespace" name="AutomatedTests" executed="True" result="Failure" success="False" time="64.631" asserts="0">
            <results>
              <test-suite type="Namespace" name="Tangoe" executed="True" result="Failure" success="False" time="64.630" asserts="0">
                <results>
                  <test-suite type="Namespace" name="Cmp" executed="True" result="Failure" success="False" time="64.630" asserts="0">
                    <results>
                      <test-suite type="Namespace" name="Automation" executed="True" result="Failure" success="False" time="64.629" asserts="0">
                        <results>
                          <test-suite type="Namespace" name="Unit" executed="True" result="Failure" success="False" time="64.628" asserts="0">
                            <results>
                              <test-suite type="Namespace" name="Concrete" executed="True" result="Failure" success="False" time="64.627" asserts="0">
                                <results>
                                  <test-suite type="Namespace" name="SmokeTest" executed="True" result="Failure" success="False" time="64.626" asserts="0">
                                    <results>
                                      <test-suite type="Namespace" name="Admin" executed="True" result="Failure" success="False" time="64.625" asserts="0">
                                        <results>
                                          <test-suite type="Namespace" name="Miscellaneous" executed="True" result="Failure" success="False" time="64.624" asserts="0">
                                            <results>
                                              <test-suite type="TestFixture" name="ContactsUT" executed="True" result="Failure" success="False" time="64.613" asserts="0">
                                                <results>
                                                  <test-case name="AutomatedTests.Tangoe.Cmp.Automation.Unit.Concrete.SmokeTest.Admin.Miscellaneous.ContactsUT.MicellaneousContact" executed="True" result="Failure" success="False" time="64.581" asserts="1">
                                                    <failure>
                                                      <message><![CDATA[OpenQA.Selenium.NoSuchFrameException
No frame found   at OpenQA.Selenium.Remote.RemoteWebDriver.UnpackAndThrowOnError(Response errorResponse)
   at OpenQA.Selenium.Remote.RemoteWebDriver.Execute(String driverCommandToExecute, Dictionary`2 parameters)
   at OpenQA.Selenium.Remote.RemoteTargetLocator.Frame(String frameName)
   at AutomatedTests.Tangoe.Cmp.Automation.UI.Actions.SmokeTest.Admin.Miscellaneous.Contacts.ClickOnNotificationsTab() in d:\Code Library\AutomatedTests\Tangoe\Cmp\Automation\UI\Actions\SmokeTest\Admin\Miscellaneous\Contacts.cs:line 152
   at AutomatedTests.Tangoe.Cmp.Automation.UI.Actions.SmokeTest.Admin.Miscellaneous.Contacts.AddNotification() in d:\Code Library\AutomatedTests\Tangoe\Cmp\Automation\UI\Actions\SmokeTest\Admin\Miscellaneous\Contacts.cs:line 181
   at AutomatedTests.Tangoe.Cmp.Automation.UI.Actions.SmokeTest.Admin.Miscellaneous.Contacts.ContactsFunctionality() in d:\Code Library\AutomatedTests\Tangoe\Cmp\Automation\UI\Actions\SmokeTest\Admin\Miscellaneous\Contacts.cs:line 50
   at AutomatedTests.Tangoe.Cmp.Automation.Unit.Concrete.SmokeTest.Admin.Miscellaneous.ContactsUT.<MicellaneousContact>b__0() in d:\Code Library\AutomatedTests\Tangoe\Cmp\Automation\Unit\Concrete\SmokeTest\Admin\Miscellaneous\ContactsUT.cs:line 35
   at AutomatedTests.Tangoe.Cmp.Automation.Unit.Abstract.BaseUnitTest.ExecuteTest(Action action) in d:\Code Library\AutomatedTests\Tangoe\Cmp\Automation\Unit\Abstract\BaseUnitTest.cs:line 178]]></message>
                                                      <stack-trace><![CDATA[at AutomatedTests.Tangoe.Cmp.Automation.Unit.Abstract.BaseUnitTest.ExecuteTest(Action action) in d:\Code Library\AutomatedTests\Tangoe\Cmp\Automation\Unit\Abstract\BaseUnitTest.cs:line 182
at AutomatedTests.Tangoe.Cmp.Automation.Unit.Concrete.SmokeTest.Admin.Miscellaneous.ContactsUT.MicellaneousContact() in d:\Code Library\AutomatedTests\Tangoe\Cmp\Automation\Unit\Concrete\SmokeTest\Admin\Miscellaneous\ContactsUT.cs:line 33
]]></stack-trace>
                                                    </failure>
                                                  </test-case>
                                                </results>
                                              </test-suite>
                                            </results>
                                          </test-suite>
                                        </results>
                                      </test-suite>
                                    </results>
                                  </test-suite>
                                </results>
                              </test-suite>
                            </results>
                          </test-suite>
                        </results>
                      </test-suite>
                    </results>
                  </test-suite>
                </results>
              </test-suite>
            </results>
          </test-suite>
        </results>
      </test-suite>
    </results>
  </test-suite>
</test-results>